<?xml version="1.0" encoding="UTF-8"?>
<!-- Generated by org.testng.reporters.JUnitXMLReporter -->
<testsuite hostname="DESKTOP-H56VNFP" ignored="0" name="Command line test" tests="4" failures="1" timestamp="27 Jun 2020 20:05:10 GMT" time="52.536" errors="0">
  <testcase name="AccountTest" time="15.375" classname="TestNG.HybridLoginTest"/>
  <testcase name="AccountTest" time="10.093" classname="TestNG.HybridLoginTest"/>
  <testcase name="AccountTest" time="9.869" classname="TestNG.HybridLoginTest"/>
  <testcase name="AccountTest" time="9.111" classname="TestNG.HybridLoginTest">
    <failure type="java.lang.AssertionError" message="null">
      <![CDATA[java.lang.AssertionError: null
at etsy.engine.WebOperation.perform(WebOperation.java:105)
at TestNG.HybridLoginTest.AccountTest(HybridLoginTest.java:81)
... Removed 36 stack frames]]>
    </failure>
  </testcase> <!-- AccountTest -->
</testsuite> <!-- Command line test -->
